<?xml version="1.0" encoding="UTF-8"?>
<coverage generated="1521189562">
  <project timestamp="1521189562">
    <package name="Ch0c01dxyz\InstaToken\Endpoints">
      <file name="/Volumes/B/myrepo/instatoken/src/Endpoints/Comment.php">
        <class name="Ch0c01dxyz\InstaToken\Endpoints\Comment" namespace="Ch0c01dxyz\InstaToken\Endpoints">
          <metrics complexity="16" methods="6" coveredmethods="2" conditionals="0" coveredconditionals="0" statements="42" coveredstatements="30" elements="48" coveredelements="32"/>
        </class>
        <line num="49" type="method" name="__construct" visibility="public" complexity="3" crap="3" count="4"/>
        <line num="51" type="stmt" count="4"/>
        <line num="53" type="stmt" count="4"/>
        <line num="55" type="stmt" count="4"/>
        <line num="56" type="stmt" count="4"/>
        <line num="63" type="method" name="setToken" visibility="public" complexity="1" crap="1" count="3"/>
        <line num="65" type="stmt" count="3"/>
        <line num="66" type="stmt" count="3"/>
        <line num="73" type="method" name="getToken" visibility="public" complexity="1" crap="2.00" count="0"/>
        <line num="75" type="stmt" count="0"/>
        <line num="83" type="method" name="listComment" visibility="public" complexity="3" crap="3.33" count="1"/>
        <line num="85" type="stmt" count="1"/>
        <line num="87" type="stmt" count="0"/>
        <line num="90" type="stmt" count="1"/>
        <line num="92" type="stmt" count="1"/>
        <line num="94" type="stmt" count="1"/>
        <line num="96" type="stmt" count="1"/>
        <line num="98" type="stmt" count="0"/>
        <line num="100" type="stmt" count="0"/>
        <line num="103" type="stmt" count="1"/>
        <line num="111" type="method" name="sendComment" visibility="public" complexity="4" crap="4.30" count="1"/>
        <line num="113" type="stmt" count="1"/>
        <line num="115" type="stmt" count="0"/>
        <line num="118" type="stmt" count="1"/>
        <line num="120" type="stmt" count="0"/>
        <line num="123" type="stmt" count="1"/>
        <line num="125" type="stmt" count="1"/>
        <line num="126" type="stmt" count="1"/>
        <line num="128" type="stmt" count="1"/>
        <line num="129" type="stmt" count="1"/>
        <line num="130" type="stmt" count="1"/>
        <line num="132" type="stmt" count="1"/>
        <line num="134" type="stmt" count="1"/>
        <line num="136" type="stmt" count="0"/>
        <line num="138" type="stmt" count="0"/>
        <line num="141" type="stmt" count="1"/>
        <line num="149" type="method" name="deleteComment" visibility="public" complexity="4" crap="4.77" count="1"/>
        <line num="151" type="stmt" count="1"/>
        <line num="153" type="stmt" count="0"/>
        <line num="156" type="stmt" count="1"/>
        <line num="158" type="stmt" count="0"/>
        <line num="161" type="stmt" count="1"/>
        <line num="163" type="stmt" count="1"/>
        <line num="165" type="stmt" count="1"/>
        <line num="167" type="stmt" count="1"/>
        <line num="169" type="stmt" count="0"/>
        <line num="171" type="stmt" count="0"/>
        <line num="174" type="stmt" count="1"/>
        <metrics loc="175" ncloc="129" classes="1" methods="6" coveredmethods="2" conditionals="0" coveredconditionals="0" statements="42" coveredstatements="30" elements="48" coveredelements="32"/>
      </file>
      <file name="/Volumes/B/myrepo/instatoken/src/Endpoints/Like.php">
        <class name="Ch0c01dxyz\InstaToken\Endpoints\Like" namespace="Ch0c01dxyz\InstaToken\Endpoints">
          <metrics complexity="14" methods="6" coveredmethods="2" conditionals="0" coveredconditionals="0" statements="37" coveredstatements="27" elements="43" coveredelements="29"/>
        </class>
        <line num="48" type="method" name="__construct" visibility="public" complexity="3" crap="3" count="4"/>
        <line num="50" type="stmt" count="4"/>
        <line num="52" type="stmt" count="4"/>
        <line num="54" type="stmt" count="4"/>
        <line num="55" type="stmt" count="4"/>
        <line num="62" type="method" name="setToken" visibility="public" complexity="1" crap="1" count="3"/>
        <line num="64" type="stmt" count="3"/>
        <line num="65" type="stmt" count="3"/>
        <line num="72" type="method" name="getToken" visibility="public" complexity="1" crap="2.00" count="0"/>
        <line num="74" type="stmt" count="0"/>
        <line num="83" type="method" name="listLike" visibility="public" complexity="3" crap="3.33" count="1"/>
        <line num="85" type="stmt" count="1"/>
        <line num="87" type="stmt" count="0"/>
        <line num="90" type="stmt" count="1"/>
        <line num="92" type="stmt" count="1"/>
        <line num="94" type="stmt" count="1"/>
        <line num="96" type="stmt" count="1"/>
        <line num="98" type="stmt" count="0"/>
        <line num="100" type="stmt" count="0"/>
        <line num="103" type="stmt" count="1"/>
        <line num="112" type="method" name="sendLike" visibility="public" complexity="3" crap="3.14" count="1"/>
        <line num="114" type="stmt" count="1"/>
        <line num="116" type="stmt" count="0"/>
        <line num="119" type="stmt" count="1"/>
        <line num="121" type="stmt" count="1"/>
        <line num="123" type="stmt" count="1"/>
        <line num="124" type="stmt" count="1"/>
        <line num="125" type="stmt" count="1"/>
        <line num="127" type="stmt" count="1"/>
        <line num="129" type="stmt" count="1"/>
        <line num="131" type="stmt" count="0"/>
        <line num="133" type="stmt" count="0"/>
        <line num="136" type="stmt" count="1"/>
        <line num="145" type="method" name="deleteLike" visibility="public" complexity="3" crap="3.33" count="1"/>
        <line num="147" type="stmt" count="1"/>
        <line num="149" type="stmt" count="0"/>
        <line num="152" type="stmt" count="1"/>
        <line num="154" type="stmt" count="1"/>
        <line num="156" type="stmt" count="1"/>
        <line num="158" type="stmt" count="1"/>
        <line num="160" type="stmt" count="0"/>
        <line num="162" type="stmt" count="0"/>
        <line num="165" type="stmt" count="1"/>
        <metrics loc="166" ncloc="117" classes="1" methods="6" coveredmethods="2" conditionals="0" coveredconditionals="0" statements="37" coveredstatements="27" elements="43" coveredelements="29"/>
      </file>
      <file name="/Volumes/B/myrepo/instatoken/src/Endpoints/Location.php">
        <class name="Ch0c01dxyz\InstaToken\Endpoints\Location" namespace="Ch0c01dxyz\InstaToken\Endpoints">
          <metrics complexity="14" methods="6" coveredmethods="2" conditionals="0" coveredconditionals="0" statements="33" coveredstatements="23" elements="39" coveredelements="25"/>
        </class>
        <line num="43" type="method" name="__construct" visibility="public" complexity="3" crap="3" count="4"/>
        <line num="45" type="stmt" count="4"/>
        <line num="47" type="stmt" count="4"/>
        <line num="48" type="stmt" count="4"/>
        <line num="55" type="method" name="setToken" visibility="public" complexity="1" crap="1" count="3"/>
        <line num="57" type="stmt" count="3"/>
        <line num="58" type="stmt" count="3"/>
        <line num="65" type="method" name="getToken" visibility="public" complexity="1" crap="2.00" count="0"/>
        <line num="67" type="stmt" count="0"/>
        <line num="75" type="method" name="infoLocation" visibility="public" complexity="3" crap="3.33" count="1"/>
        <line num="77" type="stmt" count="1"/>
        <line num="79" type="stmt" count="0"/>
        <line num="82" type="stmt" count="1"/>
        <line num="84" type="stmt" count="1"/>
        <line num="86" type="stmt" count="1"/>
        <line num="88" type="stmt" count="1"/>
        <line num="90" type="stmt" count="0"/>
        <line num="92" type="stmt" count="0"/>
        <line num="95" type="stmt" count="1"/>
        <line num="103" type="method" name="listMediaLocation" visibility="public" complexity="3" crap="3.33" count="1"/>
        <line num="105" type="stmt" count="1"/>
        <line num="107" type="stmt" count="0"/>
        <line num="110" type="stmt" count="1"/>
        <line num="112" type="stmt" count="1"/>
        <line num="114" type="stmt" count="1"/>
        <line num="116" type="stmt" count="1"/>
        <line num="118" type="stmt" count="0"/>
        <line num="120" type="stmt" count="0"/>
        <line num="123" type="stmt" count="1"/>
        <line num="131" type="method" name="searchLocation" visibility="public" complexity="3" crap="3.33" count="1"/>
        <line num="133" type="stmt" count="1"/>
        <line num="135" type="stmt" count="0"/>
        <line num="138" type="stmt" count="1"/>
        <line num="140" type="stmt" count="1"/>
        <line num="142" type="stmt" count="1"/>
        <line num="144" type="stmt" count="1"/>
        <line num="146" type="stmt" count="0"/>
        <line num="148" type="stmt" count="0"/>
        <line num="151" type="stmt" count="1"/>
        <metrics loc="152" ncloc="109" classes="1" methods="6" coveredmethods="2" conditionals="0" coveredconditionals="0" statements="33" coveredstatements="23" elements="39" coveredelements="25"/>
      </file>
      <file name="/Volumes/B/myrepo/instatoken/src/Endpoints/Login.php">
        <class name="Ch0c01dxyz\InstaToken\Endpoints\Login" namespace="Ch0c01dxyz\InstaToken\Endpoints">
          <metrics complexity="9" methods="3" coveredmethods="1" conditionals="0" coveredconditionals="0" statements="28" coveredstatements="10" elements="31" coveredelements="11"/>
        </class>
        <line num="68" type="method" name="__construct" visibility="public" complexity="3" crap="3" count="2"/>
        <line num="70" type="stmt" count="2"/>
        <line num="72" type="stmt" count="2"/>
        <line num="74" type="stmt" count="2"/>
        <line num="76" type="stmt" count="2"/>
        <line num="78" type="stmt" count="2"/>
        <line num="80" type="stmt" count="2"/>
        <line num="81" type="stmt" count="2"/>
        <line num="86" type="method" name="getLogin" visibility="public" complexity="3" crap="3.58" count="1"/>
        <line num="88" type="stmt" count="1"/>
        <line num="90" type="stmt" count="0"/>
        <line num="93" type="stmt" count="1"/>
        <line num="95" type="stmt" count="0"/>
        <line num="98" type="stmt" count="1"/>
        <line num="106" type="method" name="doAuth" visibility="public" complexity="3" crap="12.00" count="0"/>
        <line num="108" type="stmt" count="0"/>
        <line num="110" type="stmt" count="0"/>
        <line num="113" type="stmt" count="0"/>
        <line num="115" type="stmt" count="0"/>
        <line num="116" type="stmt" count="0"/>
        <line num="117" type="stmt" count="0"/>
        <line num="118" type="stmt" count="0"/>
        <line num="119" type="stmt" count="0"/>
        <line num="121" type="stmt" count="0"/>
        <line num="122" type="stmt" count="0"/>
        <line num="123" type="stmt" count="0"/>
        <line num="125" type="stmt" count="0"/>
        <line num="127" type="stmt" count="0"/>
        <line num="129" type="stmt" count="0"/>
        <line num="131" type="stmt" count="0"/>
        <line num="134" type="stmt" count="0"/>
        <metrics loc="135" ncloc="91" classes="1" methods="3" coveredmethods="1" conditionals="0" coveredconditionals="0" statements="28" coveredstatements="10" elements="31" coveredelements="11"/>
      </file>
      <file name="/Volumes/B/myrepo/instatoken/src/Endpoints/Media.php">
        <class name="Ch0c01dxyz\InstaToken\Endpoints\Media" namespace="Ch0c01dxyz\InstaToken\Endpoints">
          <metrics complexity="14" methods="6" coveredmethods="2" conditionals="0" coveredconditionals="0" statements="33" coveredstatements="23" elements="39" coveredelements="25"/>
        </class>
        <line num="44" type="method" name="__construct" visibility="public" complexity="3" crap="3" count="4"/>
        <line num="46" type="stmt" count="4"/>
        <line num="48" type="stmt" count="4"/>
        <line num="49" type="stmt" count="4"/>
        <line num="56" type="method" name="setToken" visibility="public" complexity="1" crap="1" count="3"/>
        <line num="58" type="stmt" count="3"/>
        <line num="59" type="stmt" count="3"/>
        <line num="66" type="method" name="getToken" visibility="public" complexity="1" crap="2.00" count="0"/>
        <line num="68" type="stmt" count="0"/>
        <line num="76" type="method" name="readMedia" visibility="public" complexity="3" crap="3.33" count="1"/>
        <line num="78" type="stmt" count="1"/>
        <line num="80" type="stmt" count="0"/>
        <line num="83" type="stmt" count="1"/>
        <line num="85" type="stmt" count="1"/>
        <line num="87" type="stmt" count="1"/>
        <line num="89" type="stmt" count="1"/>
        <line num="91" type="stmt" count="0"/>
        <line num="93" type="stmt" count="0"/>
        <line num="96" type="stmt" count="1"/>
        <line num="104" type="method" name="infoMedia" visibility="public" complexity="3" crap="3.33" count="1"/>
        <line num="106" type="stmt" count="1"/>
        <line num="108" type="stmt" count="0"/>
        <line num="111" type="stmt" count="1"/>
        <line num="113" type="stmt" count="1"/>
        <line num="115" type="stmt" count="1"/>
        <line num="117" type="stmt" count="1"/>
        <line num="119" type="stmt" count="0"/>
        <line num="121" type="stmt" count="0"/>
        <line num="124" type="stmt" count="1"/>
        <line num="132" type="method" name="searchMedia" visibility="public" complexity="3" crap="3.33" count="1"/>
        <line num="134" type="stmt" count="1"/>
        <line num="136" type="stmt" count="0"/>
        <line num="139" type="stmt" count="1"/>
        <line num="141" type="stmt" count="1"/>
        <line num="143" type="stmt" count="1"/>
        <line num="145" type="stmt" count="1"/>
        <line num="147" type="stmt" count="0"/>
        <line num="149" type="stmt" count="0"/>
        <line num="152" type="stmt" count="1"/>
        <metrics loc="153" ncloc="110" classes="1" methods="6" coveredmethods="2" conditionals="0" coveredconditionals="0" statements="33" coveredstatements="23" elements="39" coveredelements="25"/>
      </file>
      <file name="/Volumes/B/myrepo/instatoken/src/Endpoints/Relation.php">
        <class name="Ch0c01dxyz\InstaToken\Endpoints\Relation" namespace="Ch0c01dxyz\InstaToken\Endpoints">
          <metrics complexity="18" methods="8" coveredmethods="2" conditionals="0" coveredconditionals="0" statements="51" coveredstatements="37" elements="59" coveredelements="39"/>
        </class>
        <line num="64" type="method" name="__construct" visibility="public" complexity="3" crap="3" count="6"/>
        <line num="66" type="stmt" count="6"/>
        <line num="68" type="stmt" count="6"/>
        <line num="70" type="stmt" count="6"/>
        <line num="71" type="stmt" count="6"/>
        <line num="78" type="method" name="setToken" visibility="public" complexity="1" crap="1" count="5"/>
        <line num="80" type="stmt" count="5"/>
        <line num="81" type="stmt" count="5"/>
        <line num="88" type="method" name="getToken" visibility="public" complexity="1" crap="2.00" count="0"/>
        <line num="90" type="stmt" count="0"/>
        <line num="98" type="method" name="getFollow" visibility="public" complexity="2" crap="2.09" count="1"/>
        <line num="100" type="stmt" count="1"/>
        <line num="102" type="stmt" count="1"/>
        <line num="104" type="stmt" count="1"/>
        <line num="106" type="stmt" count="1"/>
        <line num="108" type="stmt" count="0"/>
        <line num="110" type="stmt" count="0"/>
        <line num="113" type="stmt" count="1"/>
        <line num="121" type="method" name="getFollowedBy" visibility="public" complexity="2" crap="2.09" count="1"/>
        <line num="123" type="stmt" count="1"/>
        <line num="125" type="stmt" count="1"/>
        <line num="127" type="stmt" count="1"/>
        <line num="129" type="stmt" count="1"/>
        <line num="131" type="stmt" count="0"/>
        <line num="133" type="stmt" count="0"/>
        <line num="136" type="stmt" count="1"/>
        <line num="144" type="method" name="getRequestedBy" visibility="public" complexity="2" crap="2.09" count="1"/>
        <line num="146" type="stmt" count="1"/>
        <line num="148" type="stmt" count="1"/>
        <line num="150" type="stmt" count="1"/>
        <line num="152" type="stmt" count="1"/>
        <line num="154" type="stmt" count="0"/>
        <line num="156" type="stmt" count="0"/>
        <line num="159" type="stmt" count="1"/>
        <line num="167" type="method" name="getRelation" visibility="public" complexity="3" crap="3.33" count="1"/>
        <line num="169" type="stmt" count="1"/>
        <line num="171" type="stmt" count="0"/>
        <line num="174" type="stmt" count="1"/>
        <line num="176" type="stmt" count="1"/>
        <line num="178" type="stmt" count="1"/>
        <line num="180" type="stmt" count="1"/>
        <line num="182" type="stmt" count="0"/>
        <line num="184" type="stmt" count="0"/>
        <line num="187" type="stmt" count="1"/>
        <line num="197" type="method" name="changeRelation" visibility="public" complexity="4" crap="4.37" count="1"/>
        <line num="199" type="stmt" count="1"/>
        <line num="201" type="stmt" count="0"/>
        <line num="204" type="stmt" count="1"/>
        <line num="206" type="stmt" count="0"/>
        <line num="209" type="stmt" count="1"/>
        <line num="211" type="stmt" count="1"/>
        <line num="213" type="stmt" count="1"/>
        <line num="214" type="stmt" count="1"/>
        <line num="215" type="stmt" count="1"/>
        <line num="217" type="stmt" count="1"/>
        <line num="219" type="stmt" count="1"/>
        <line num="221" type="stmt" count="0"/>
        <line num="223" type="stmt" count="0"/>
        <line num="226" type="stmt" count="1"/>
        <metrics loc="227" ncloc="160" classes="1" methods="8" coveredmethods="2" conditionals="0" coveredconditionals="0" statements="51" coveredstatements="37" elements="59" coveredelements="39"/>
      </file>
      <file name="/Volumes/B/myrepo/instatoken/src/Endpoints/Tag.php">
        <class name="Ch0c01dxyz\InstaToken\Endpoints\Tag" namespace="Ch0c01dxyz\InstaToken\Endpoints">
          <metrics complexity="14" methods="6" coveredmethods="2" conditionals="0" coveredconditionals="0" statements="33" coveredstatements="23" elements="39" coveredelements="25"/>
        </class>
        <line num="42" type="method" name="__construct" visibility="public" complexity="3" crap="3" count="4"/>
        <line num="44" type="stmt" count="4"/>
        <line num="46" type="stmt" count="4"/>
        <line num="47" type="stmt" count="4"/>
        <line num="52" type="method" name="setToken" visibility="public" complexity="1" crap="1" count="3"/>
        <line num="54" type="stmt" count="3"/>
        <line num="55" type="stmt" count="3"/>
        <line num="60" type="method" name="getToken" visibility="public" complexity="1" crap="2.00" count="0"/>
        <line num="62" type="stmt" count="0"/>
        <line num="71" type="method" name="listTag" visibility="public" complexity="3" crap="3.33" count="1"/>
        <line num="73" type="stmt" count="1"/>
        <line num="75" type="stmt" count="0"/>
        <line num="78" type="stmt" count="1"/>
        <line num="80" type="stmt" count="1"/>
        <line num="82" type="stmt" count="1"/>
        <line num="84" type="stmt" count="1"/>
        <line num="86" type="stmt" count="0"/>
        <line num="88" type="stmt" count="0"/>
        <line num="91" type="stmt" count="1"/>
        <line num="100" type="method" name="infoTag" visibility="public" complexity="3" crap="3.33" count="1"/>
        <line num="102" type="stmt" count="1"/>
        <line num="104" type="stmt" count="0"/>
        <line num="107" type="stmt" count="1"/>
        <line num="109" type="stmt" count="1"/>
        <line num="111" type="stmt" count="1"/>
        <line num="113" type="stmt" count="1"/>
        <line num="115" type="stmt" count="0"/>
        <line num="117" type="stmt" count="0"/>
        <line num="120" type="stmt" count="1"/>
        <line num="129" type="method" name="searchTag" visibility="public" complexity="3" crap="3.33" count="1"/>
        <line num="131" type="stmt" count="1"/>
        <line num="133" type="stmt" count="0"/>
        <line num="136" type="stmt" count="1"/>
        <line num="138" type="stmt" count="1"/>
        <line num="140" type="stmt" count="1"/>
        <line num="142" type="stmt" count="1"/>
        <line num="144" type="stmt" count="0"/>
        <line num="146" type="stmt" count="0"/>
        <line num="149" type="stmt" count="1"/>
        <metrics loc="150" ncloc="108" classes="1" methods="6" coveredmethods="2" conditionals="0" coveredconditionals="0" statements="33" coveredstatements="23" elements="39" coveredelements="25"/>
      </file>
      <file name="/Volumes/B/myrepo/instatoken/src/Endpoints/User.php">
        <class name="Ch0c01dxyz\InstaToken\Endpoints\User" namespace="Ch0c01dxyz\InstaToken\Endpoints">
          <metrics complexity="20" methods="9" coveredmethods="2" conditionals="0" coveredconditionals="0" statements="54" coveredstatements="38" elements="63" coveredelements="40"/>
        </class>
        <line num="43" type="method" name="__construct" visibility="public" complexity="3" crap="3" count="7"/>
        <line num="45" type="stmt" count="7"/>
        <line num="47" type="stmt" count="7"/>
        <line num="48" type="stmt" count="7"/>
        <line num="55" type="method" name="setToken" visibility="public" complexity="1" crap="1" count="6"/>
        <line num="57" type="stmt" count="6"/>
        <line num="58" type="stmt" count="6"/>
        <line num="65" type="method" name="getToken" visibility="public" complexity="1" crap="2.00" count="0"/>
        <line num="67" type="stmt" count="0"/>
        <line num="75" type="method" name="getSelf" visibility="public" complexity="2" crap="2.09" count="1"/>
        <line num="77" type="stmt" count="1"/>
        <line num="79" type="stmt" count="1"/>
        <line num="81" type="stmt" count="1"/>
        <line num="83" type="stmt" count="1"/>
        <line num="85" type="stmt" count="0"/>
        <line num="87" type="stmt" count="0"/>
        <line num="90" type="stmt" count="1"/>
        <line num="98" type="method" name="getInfo" visibility="public" complexity="3" crap="3.33" count="1"/>
        <line num="100" type="stmt" count="1"/>
        <line num="102" type="stmt" count="0"/>
        <line num="105" type="stmt" count="1"/>
        <line num="107" type="stmt" count="1"/>
        <line num="109" type="stmt" count="1"/>
        <line num="111" type="stmt" count="1"/>
        <line num="113" type="stmt" count="0"/>
        <line num="115" type="stmt" count="0"/>
        <line num="118" type="stmt" count="1"/>
        <line num="126" type="method" name="getMedia" visibility="public" complexity="2" crap="2.09" count="1"/>
        <line num="128" type="stmt" count="1"/>
        <line num="130" type="stmt" count="1"/>
        <line num="132" type="stmt" count="1"/>
        <line num="134" type="stmt" count="1"/>
        <line num="136" type="stmt" count="0"/>
        <line num="138" type="stmt" count="0"/>
        <line num="141" type="stmt" count="1"/>
        <line num="149" type="method" name="getLiked" visibility="public" complexity="2" crap="2.09" count="1"/>
        <line num="151" type="stmt" count="1"/>
        <line num="153" type="stmt" count="1"/>
        <line num="155" type="stmt" count="1"/>
        <line num="157" type="stmt" count="1"/>
        <line num="159" type="stmt" count="0"/>
        <line num="161" type="stmt" count="0"/>
        <line num="164" type="stmt" count="1"/>
        <line num="173" type="method" name="searchUser" visibility="public" complexity="3" crap="3.33" count="1"/>
        <line num="175" type="stmt" count="1"/>
        <line num="177" type="stmt" count="0"/>
        <line num="180" type="stmt" count="1"/>
        <line num="182" type="stmt" count="1"/>
        <line num="184" type="stmt" count="1"/>
        <line num="186" type="stmt" count="1"/>
        <line num="188" type="stmt" count="0"/>
        <line num="190" type="stmt" count="0"/>
        <line num="193" type="stmt" count="1"/>
        <line num="201" type="method" name="readUserMedia" visibility="public" complexity="3" crap="3.33" count="1"/>
        <line num="203" type="stmt" count="1"/>
        <line num="205" type="stmt" count="0"/>
        <line num="208" type="stmt" count="1"/>
        <line num="210" type="stmt" count="1"/>
        <line num="212" type="stmt" count="1"/>
        <line num="214" type="stmt" count="1"/>
        <line num="216" type="stmt" count="0"/>
        <line num="218" type="stmt" count="0"/>
        <line num="221" type="stmt" count="1"/>
        <metrics loc="223" ncloc="164" classes="1" methods="9" coveredmethods="2" conditionals="0" coveredconditionals="0" statements="54" coveredstatements="38" elements="63" coveredelements="40"/>
      </file>
    </package>
    <package name="Ch0c01dxyz\InstaToken\Exceptions">
      <file name="/Volumes/B/myrepo/instatoken/src/Exceptions/CommentException.php">
        <class name="Ch0c01dxyz\InstaToken\Exceptions\CommentException" namespace="Ch0c01dxyz\InstaToken\Exceptions">
          <metrics complexity="0" methods="0" coveredmethods="0" conditionals="0" coveredconditionals="0" statements="0" coveredstatements="0" elements="0" coveredelements="0"/>
        </class>
        <metrics loc="14" ncloc="9" classes="0" methods="0" coveredmethods="0" conditionals="0" coveredconditionals="0" statements="0" coveredstatements="0" elements="0" coveredelements="0"/>
      </file>
      <file name="/Volumes/B/myrepo/instatoken/src/Exceptions/Exception.php">
        <class name="Ch0c01dxyz\InstaToken\Exceptions\InstaTokenException" namespace="Ch0c01dxyz\InstaToken\Exceptions">
          <metrics complexity="0" methods="0" coveredmethods="0" conditionals="0" coveredconditionals="0" statements="0" coveredstatements="0" elements="0" coveredelements="0"/>
        </class>
        <metrics loc="14" ncloc="9" classes="0" methods="0" coveredmethods="0" conditionals="0" coveredconditionals="0" statements="0" coveredstatements="0" elements="0" coveredelements="0"/>
      </file>
      <file name="/Volumes/B/myrepo/instatoken/src/Exceptions/LikeException.php">
        <class name="Ch0c01dxyz\InstaToken\Exceptions\LikeException" namespace="Ch0c01dxyz\InstaToken\Exceptions">
          <metrics complexity="0" methods="0" coveredmethods="0" conditionals="0" coveredconditionals="0" statements="0" coveredstatements="0" elements="0" coveredelements="0"/>
        </class>
        <metrics loc="14" ncloc="9" classes="0" methods="0" coveredmethods="0" conditionals="0" coveredconditionals="0" statements="0" coveredstatements="0" elements="0" coveredelements="0"/>
      </file>
      <file name="/Volumes/B/myrepo/instatoken/src/Exceptions/LocationException.php">
        <class name="Ch0c01dxyz\InstaToken\Exceptions\LocationException" namespace="Ch0c01dxyz\InstaToken\Exceptions">
          <metrics complexity="0" methods="0" coveredmethods="0" conditionals="0" coveredconditionals="0" statements="0" coveredstatements="0" elements="0" coveredelements="0"/>
        </class>
        <metrics loc="14" ncloc="9" classes="0" methods="0" coveredmethods="0" conditionals="0" coveredconditionals="0" statements="0" coveredstatements="0" elements="0" coveredelements="0"/>
      </file>
      <file name="/Volumes/B/myrepo/instatoken/src/Exceptions/LoginException.php">
        <class name="Ch0c01dxyz\InstaToken\Exceptions\LoginException" namespace="Ch0c01dxyz\InstaToken\Exceptions">
          <metrics complexity="0" methods="0" coveredmethods="0" conditionals="0" coveredconditionals="0" statements="0" coveredstatements="0" elements="0" coveredelements="0"/>
        </class>
        <metrics loc="14" ncloc="9" classes="0" methods="0" coveredmethods="0" conditionals="0" coveredconditionals="0" statements="0" coveredstatements="0" elements="0" coveredelements="0"/>
      </file>
      <file name="/Volumes/B/myrepo/instatoken/src/Exceptions/MediaException.php">
        <class name="Ch0c01dxyz\InstaToken\Exceptions\MediaException" namespace="Ch0c01dxyz\InstaToken\Exceptions">
          <metrics complexity="0" methods="0" coveredmethods="0" conditionals="0" coveredconditionals="0" statements="0" coveredstatements="0" elements="0" coveredelements="0"/>
        </class>
        <metrics loc="14" ncloc="9" classes="0" methods="0" coveredmethods="0" conditionals="0" coveredconditionals="0" statements="0" coveredstatements="0" elements="0" coveredelements="0"/>
      </file>
      <file name="/Volumes/B/myrepo/instatoken/src/Exceptions/RelationException.php">
        <class name="Ch0c01dxyz\InstaToken\Exceptions\RelationException" namespace="Ch0c01dxyz\InstaToken\Exceptions">
          <metrics complexity="0" methods="0" coveredmethods="0" conditionals="0" coveredconditionals="0" statements="0" coveredstatements="0" elements="0" coveredelements="0"/>
        </class>
        <metrics loc="14" ncloc="9" classes="0" methods="0" coveredmethods="0" conditionals="0" coveredconditionals="0" statements="0" coveredstatements="0" elements="0" coveredelements="0"/>
      </file>
      <file name="/Volumes/B/myrepo/instatoken/src/Exceptions/TagException.php">
        <class name="Ch0c01dxyz\InstaToken\Exceptions\TagException" namespace="Ch0c01dxyz\InstaToken\Exceptions">
          <metrics complexity="0" methods="0" coveredmethods="0" conditionals="0" coveredconditionals="0" statements="0" coveredstatements="0" elements="0" coveredelements="0"/>
        </class>
        <metrics loc="14" ncloc="9" classes="0" methods="0" coveredmethods="0" conditionals="0" coveredconditionals="0" statements="0" coveredstatements="0" elements="0" coveredelements="0"/>
      </file>
      <file name="/Volumes/B/myrepo/instatoken/src/Exceptions/UserException.php">
        <class name="Ch0c01dxyz\InstaToken\Exceptions\UserException" namespace="Ch0c01dxyz\InstaToken\Exceptions">
          <metrics complexity="0" methods="0" coveredmethods="0" conditionals="0" coveredconditionals="0" statements="0" coveredstatements="0" elements="0" coveredelements="0"/>
        </class>
        <metrics loc="14" ncloc="9" classes="0" methods="0" coveredmethods="0" conditionals="0" coveredconditionals="0" statements="0" coveredstatements="0" elements="0" coveredelements="0"/>
      </file>
    </package>
    <file name="/Volumes/B/myrepo/instatoken/src/Interfaces/CommentInterface.php">
      <metrics loc="39" ncloc="16" classes="0" methods="0" coveredmethods="0" conditionals="0" coveredconditionals="0" statements="0" coveredstatements="0" elements="0" coveredelements="0"/>
    </file>
    <file name="/Volumes/B/myrepo/instatoken/src/Interfaces/LikeInterface.php">
      <metrics loc="36" ncloc="15" classes="0" methods="0" coveredmethods="0" conditionals="0" coveredconditionals="0" statements="0" coveredstatements="0" elements="0" coveredelements="0"/>
    </file>
    <file name="/Volumes/B/myrepo/instatoken/src/Interfaces/LocationInterface.php">
      <metrics loc="37" ncloc="16" classes="0" methods="0" coveredmethods="0" conditionals="0" coveredconditionals="0" statements="0" coveredstatements="0" elements="0" coveredelements="0"/>
    </file>
    <file name="/Volumes/B/myrepo/instatoken/src/Interfaces/LoginInterface.php">
      <metrics loc="24" ncloc="11" classes="0" methods="0" coveredmethods="0" conditionals="0" coveredconditionals="0" statements="0" coveredstatements="0" elements="0" coveredelements="0"/>
    </file>
    <file name="/Volumes/B/myrepo/instatoken/src/Interfaces/MediaInterface.php">
      <metrics loc="38" ncloc="17" classes="0" methods="0" coveredmethods="0" conditionals="0" coveredconditionals="0" statements="0" coveredstatements="0" elements="0" coveredelements="0"/>
    </file>
    <file name="/Volumes/B/myrepo/instatoken/src/Interfaces/RelationInterface.php">
      <metrics loc="51" ncloc="20" classes="0" methods="0" coveredmethods="0" conditionals="0" coveredconditionals="0" statements="0" coveredstatements="0" elements="0" coveredelements="0"/>
    </file>
    <file name="/Volumes/B/myrepo/instatoken/src/Interfaces/TagInterface.php">
      <metrics loc="36" ncloc="15" classes="0" methods="0" coveredmethods="0" conditionals="0" coveredconditionals="0" statements="0" coveredstatements="0" elements="0" coveredelements="0"/>
    </file>
    <file name="/Volumes/B/myrepo/instatoken/src/Interfaces/UserInterface.php">
      <metrics loc="58" ncloc="22" classes="0" methods="0" coveredmethods="0" conditionals="0" coveredconditionals="0" statements="0" coveredstatements="0" elements="0" coveredelements="0"/>
    </file>
    <package name="Ch0c01dxyz\InstaToken\Objects">
      <file name="/Volumes/B/myrepo/instatoken/src/Objects/AccessToken.php">
        <class name="Ch0c01dxyz\InstaToken\Objects\AccessToken" namespace="Ch0c01dxyz\InstaToken\Objects">
          <metrics complexity="2" methods="2" coveredmethods="2" conditionals="0" coveredconditionals="0" statements="3" coveredstatements="3" elements="5" coveredelements="5"/>
        </class>
        <line num="22" type="method" name="__construct" visibility="public" complexity="1" crap="1" count="33"/>
        <line num="24" type="stmt" count="33"/>
        <line num="25" type="stmt" count="33"/>
        <line num="30" type="method" name="__toString" visibility="public" complexity="1" crap="1" count="33"/>
        <line num="32" type="stmt" count="33"/>
        <metrics loc="33" ncloc="19" classes="1" methods="2" coveredmethods="2" conditionals="0" coveredconditionals="0" statements="3" coveredstatements="3" elements="5" coveredelements="5"/>
      </file>
      <file name="/Volumes/B/myrepo/instatoken/src/Objects/Action.php">
        <class name="Ch0c01dxyz\InstaToken\Objects\Action" namespace="Ch0c01dxyz\InstaToken\Objects">
          <metrics complexity="2" methods="2" coveredmethods="2" conditionals="0" coveredconditionals="0" statements="3" coveredstatements="3" elements="5" coveredelements="5"/>
        </class>
        <line num="22" type="method" name="__construct" visibility="public" complexity="1" crap="1" count="2"/>
        <line num="24" type="stmt" count="2"/>
        <line num="25" type="stmt" count="2"/>
        <line num="30" type="method" name="__toString" visibility="public" complexity="1" crap="1" count="2"/>
        <line num="32" type="stmt" count="2"/>
        <metrics loc="33" ncloc="19" classes="1" methods="2" coveredmethods="2" conditionals="0" coveredconditionals="0" statements="3" coveredstatements="3" elements="5" coveredelements="5"/>
      </file>
      <file name="/Volumes/B/myrepo/instatoken/src/Objects/CommentId.php">
        <class name="Ch0c01dxyz\InstaToken\Objects\CommentId" namespace="Ch0c01dxyz\InstaToken\Objects">
          <metrics complexity="2" methods="2" coveredmethods="2" conditionals="0" coveredconditionals="0" statements="3" coveredstatements="3" elements="5" coveredelements="5"/>
        </class>
        <line num="22" type="method" name="__construct" visibility="public" complexity="1" crap="1" count="2"/>
        <line num="24" type="stmt" count="2"/>
        <line num="25" type="stmt" count="2"/>
        <line num="30" type="method" name="__toInt" visibility="public" complexity="1" crap="1" count="2"/>
        <line num="32" type="stmt" count="2"/>
        <metrics loc="33" ncloc="19" classes="1" methods="2" coveredmethods="2" conditionals="0" coveredconditionals="0" statements="3" coveredstatements="3" elements="5" coveredelements="5"/>
      </file>
      <file name="/Volumes/B/myrepo/instatoken/src/Objects/LocationId.php">
        <class name="Ch0c01dxyz\InstaToken\Objects\LocationId" namespace="Ch0c01dxyz\InstaToken\Objects">
          <metrics complexity="3" methods="3" coveredmethods="2" conditionals="0" coveredconditionals="0" statements="4" coveredstatements="3" elements="7" coveredelements="5"/>
        </class>
        <line num="22" type="method" name="__construct" visibility="public" complexity="1" crap="1" count="3"/>
        <line num="24" type="stmt" count="3"/>
        <line num="25" type="stmt" count="3"/>
        <line num="30" type="method" name="__toInt" visibility="public" complexity="1" crap="2.00" count="0"/>
        <line num="32" type="stmt" count="0"/>
        <line num="35" type="method" name="__toString" visibility="public" complexity="1" crap="1" count="3"/>
        <line num="37" type="stmt" count="3"/>
        <metrics loc="38" ncloc="24" classes="1" methods="3" coveredmethods="2" conditionals="0" coveredconditionals="0" statements="4" coveredstatements="3" elements="7" coveredelements="5"/>
      </file>
      <file name="/Volumes/B/myrepo/instatoken/src/Objects/Map.php">
        <class name="Ch0c01dxyz\InstaToken\Objects\Map" namespace="Ch0c01dxyz\InstaToken\Objects">
          <metrics complexity="6" methods="6" coveredmethods="4" conditionals="0" coveredconditionals="0" statements="10" coveredstatements="8" elements="16" coveredelements="12"/>
        </class>
        <line num="24" type="method" name="__construct" visibility="public" complexity="1" crap="1" count="4"/>
        <line num="26" type="stmt" count="4"/>
        <line num="27" type="stmt" count="4"/>
        <line num="28" type="stmt" count="4"/>
        <line num="29" type="stmt" count="4"/>
        <line num="31" type="stmt" count="4"/>
        <line num="36" type="method" name="getLat" visibility="public" complexity="1" crap="1" count="4"/>
        <line num="38" type="stmt" count="4"/>
        <line num="44" type="method" name="getLng" visibility="public" complexity="1" crap="1" count="4"/>
        <line num="46" type="stmt" count="4"/>
        <line num="52" type="method" name="getDistance" visibility="public" complexity="1" crap="1" count="4"/>
        <line num="54" type="stmt" count="4"/>
        <line num="60" type="method" name="__toString" visibility="public" complexity="1" crap="2.00" count="0"/>
        <line num="62" type="stmt" count="0"/>
        <line num="68" type="method" name="__toArray" visibility="public" complexity="1" crap="2.00" count="0"/>
        <line num="70" type="stmt" count="0"/>
        <metrics loc="71" ncloc="43" classes="1" methods="6" coveredmethods="4" conditionals="0" coveredconditionals="0" statements="10" coveredstatements="8" elements="16" coveredelements="12"/>
      </file>
      <file name="/Volumes/B/myrepo/instatoken/src/Objects/MediaId.php">
        <class name="Ch0c01dxyz\InstaToken\Objects\MediaId" namespace="Ch0c01dxyz\InstaToken\Objects">
          <metrics complexity="2" methods="2" coveredmethods="2" conditionals="0" coveredconditionals="0" statements="3" coveredstatements="3" elements="5" coveredelements="5"/>
        </class>
        <line num="22" type="method" name="__construct" visibility="public" complexity="1" crap="1" count="10"/>
        <line num="24" type="stmt" count="10"/>
        <line num="25" type="stmt" count="10"/>
        <line num="30" type="method" name="__toString" visibility="public" complexity="1" crap="1" count="10"/>
        <line num="32" type="stmt" count="10"/>
        <metrics loc="33" ncloc="19" classes="1" methods="2" coveredmethods="2" conditionals="0" coveredconditionals="0" statements="3" coveredstatements="3" elements="5" coveredelements="5"/>
      </file>
      <file name="/Volumes/B/myrepo/instatoken/src/Objects/Name.php">
        <class name="Ch0c01dxyz\InstaToken\Objects\Name" namespace="Ch0c01dxyz\InstaToken\Objects">
          <metrics complexity="2" methods="2" coveredmethods="2" conditionals="0" coveredconditionals="0" statements="3" coveredstatements="3" elements="5" coveredelements="5"/>
        </class>
        <line num="22" type="method" name="__construct" visibility="public" complexity="1" crap="1" count="2"/>
        <line num="24" type="stmt" count="2"/>
        <line num="25" type="stmt" count="2"/>
        <line num="30" type="method" name="__toString" visibility="public" complexity="1" crap="1" count="2"/>
        <line num="32" type="stmt" count="2"/>
        <metrics loc="33" ncloc="19" classes="1" methods="2" coveredmethods="2" conditionals="0" coveredconditionals="0" statements="3" coveredstatements="3" elements="5" coveredelements="5"/>
      </file>
      <file name="/Volumes/B/myrepo/instatoken/src/Objects/ShortCode.php">
        <class name="Ch0c01dxyz\InstaToken\Objects\ShortCode" namespace="Ch0c01dxyz\InstaToken\Objects">
          <metrics complexity="2" methods="2" coveredmethods="2" conditionals="0" coveredconditionals="0" statements="3" coveredstatements="3" elements="5" coveredelements="5"/>
        </class>
        <line num="22" type="method" name="__construct" visibility="public" complexity="1" crap="1" count="2"/>
        <line num="24" type="stmt" count="2"/>
        <line num="25" type="stmt" count="2"/>
        <line num="30" type="method" name="__toString" visibility="public" complexity="1" crap="1" count="2"/>
        <line num="32" type="stmt" count="2"/>
        <metrics loc="33" ncloc="19" classes="1" methods="2" coveredmethods="2" conditionals="0" coveredconditionals="0" statements="3" coveredstatements="3" elements="5" coveredelements="5"/>
      </file>
      <file name="/Volumes/B/myrepo/instatoken/src/Objects/TagName.php">
        <class name="Ch0c01dxyz\InstaToken\Objects\TagName" namespace="Ch0c01dxyz\InstaToken\Objects">
          <metrics complexity="2" methods="2" coveredmethods="2" conditionals="0" coveredconditionals="0" statements="3" coveredstatements="3" elements="5" coveredelements="5"/>
        </class>
        <line num="22" type="method" name="__construct" visibility="public" complexity="1" crap="1" count="4"/>
        <line num="24" type="stmt" count="4"/>
        <line num="25" type="stmt" count="4"/>
        <line num="30" type="method" name="__toString" visibility="public" complexity="1" crap="1" count="4"/>
        <line num="32" type="stmt" count="4"/>
        <metrics loc="33" ncloc="19" classes="1" methods="2" coveredmethods="2" conditionals="0" coveredconditionals="0" statements="3" coveredstatements="3" elements="5" coveredelements="5"/>
      </file>
      <file name="/Volumes/B/myrepo/instatoken/src/Objects/UserId.php">
        <class name="Ch0c01dxyz\InstaToken\Objects\UserId" namespace="Ch0c01dxyz\InstaToken\Objects">
          <metrics complexity="2" methods="2" coveredmethods="2" conditionals="0" coveredconditionals="0" statements="3" coveredstatements="3" elements="5" coveredelements="5"/>
        </class>
        <line num="22" type="method" name="__construct" visibility="public" complexity="1" crap="1" count="6"/>
        <line num="24" type="stmt" count="6"/>
        <line num="25" type="stmt" count="6"/>
        <line num="30" type="method" name="__toInt" visibility="public" complexity="1" crap="1" count="6"/>
        <line num="32" type="stmt" count="6"/>
        <metrics loc="33" ncloc="19" classes="1" methods="2" coveredmethods="2" conditionals="0" coveredconditionals="0" statements="3" coveredstatements="3" elements="5" coveredelements="5"/>
      </file>
      <file name="/Volumes/B/myrepo/instatoken/src/Objects/UserName.php">
        <class name="Ch0c01dxyz\InstaToken\Objects\UserName" namespace="Ch0c01dxyz\InstaToken\Objects">
          <metrics complexity="2" methods="2" coveredmethods="0" conditionals="0" coveredconditionals="0" statements="6" coveredstatements="0" elements="8" coveredelements="0"/>
        </class>
        <line num="22" type="method" name="__construct" visibility="public" complexity="1" crap="2.00" count="0"/>
        <line num="23" type="stmt" count="0"/>
        <line num="24" type="stmt" count="0"/>
        <line num="25" type="stmt" count="0"/>
        <line num="30" type="method" name="__toString" visibility="public" complexity="1" crap="2.00" count="0"/>
        <line num="31" type="stmt" count="0"/>
        <line num="32" type="stmt" count="0"/>
        <line num="33" type="stmt" count="0"/>
        <metrics loc="33" ncloc="19" classes="1" methods="2" coveredmethods="0" conditionals="0" coveredconditionals="0" statements="6" coveredstatements="0" elements="8" coveredelements="0"/>
      </file>
    </package>
    <metrics files="36" loc="2232" ncloc="1439" classes="19" methods="77" coveredmethods="37" conditionals="0" coveredconditionals="0" statements="355" coveredstatements="246" elements="432" coveredelements="283"/>
  </project>
</coverage>
